Analysis & Synthesis report for pbl02
Fri May 20 22:56:39 2022
Quartus Prime Version 20.1.1 Build 720 11/11/2020 SJ Lite Edition


---------------------
; Table of Contents ;
---------------------
  1. Legal Notice
  2. Analysis & Synthesis Summary
  3. Analysis & Synthesis Settings
  4. Parallel Compilation
  5. Analysis & Synthesis Source Files Read
  6. Analysis & Synthesis Resource Usage Summary
  7. Analysis & Synthesis Resource Utilization by Entity
  8. State Machine - |main|pack_send:inst_ps|s_ps
  9. State Machine - |main|pack_send:inst_ps|uart_tx:insttx|r_SM_Main
 10. State Machine - |main|interface2:i_dht11|state
 11. State Machine - |main|interface2:i_dht11|dht11:ints_dht11|STATE
 12. State Machine - |main|selector:inst_selec|count
 13. State Machine - |main|uart_rx:instrx|r_SM_Main
 14. Registers Removed During Synthesis
 15. Removed Registers Triggering Further Register Optimizations
 16. General Register Statistics
 17. Inverted Register Statistics
 18. Multiplexer Restructuring Statistics (Restructuring Performed)
 19. Parameter Settings for User Entity Instance: uart_rx:instrx
 20. Parameter Settings for User Entity Instance: interface2:i_dht11|dht11:ints_dht11
 21. Parameter Settings for User Entity Instance: pack_send:inst_ps|uart_tx:insttx
 22. Port Connectivity Checks: "pack_send:inst_ps"
 23. Port Connectivity Checks: "interface2:i_dht11|dht11:ints_dht11|tris:TRIS_DATA"
 24. Port Connectivity Checks: "interface2:i_dht11|dht11:ints_dht11"
 25. Port Connectivity Checks: "interface2:i_dht11"
 26. Port Connectivity Checks: "selector:inst_selec"
 27. Post-Synthesis Netlist Statistics for Top Partition
 28. Elapsed Time Per Partition
 29. Analysis & Synthesis Messages
 30. Analysis & Synthesis Suppressed Messages



----------------
; Legal Notice ;
----------------
Copyright (C) 2020  Intel Corporation. All rights reserved.
Your use of Intel Corporation's design tools, logic functions 
and other software and tools, and any partner logic 
functions, and any output files from any of the foregoing 
(including device programming or simulation files), and any 
associated documentation or information are expressly subject 
to the terms and conditions of the Intel Program License 
Subscription Agreement, the Intel Quartus Prime License Agreement,
the Intel FPGA IP License Agreement, or other applicable license
agreement, including, without limitation, that your use is for
the sole purpose of programming logic devices manufactured by
Intel and sold by Intel or its authorized distributors.  Please
refer to the applicable agreement for further details, at
https://fpgasoftware.intel.com/eula.



+----------------------------------------------------------------------------------+
; Analysis & Synthesis Summary                                                     ;
+------------------------------------+---------------------------------------------+
; Analysis & Synthesis Status        ; Successful - Fri May 20 22:56:38 2022       ;
; Quartus Prime Version              ; 20.1.1 Build 720 11/11/2020 SJ Lite Edition ;
; Revision Name                      ; pbl02                                       ;
; Top-level Entity Name              ; main                                        ;
; Family                             ; Cyclone IV E                                ;
; Total logic elements               ; 298                                         ;
;     Total combinational functions  ; 279                                         ;
;     Dedicated logic registers      ; 134                                         ;
; Total registers                    ; 134                                         ;
; Total pins                         ; 6                                           ;
; Total virtual pins                 ; 0                                           ;
; Total memory bits                  ; 0                                           ;
; Embedded Multiplier 9-bit elements ; 0                                           ;
; Total PLLs                         ; 0                                           ;
+------------------------------------+---------------------------------------------+


+------------------------------------------------------------------------------------------------------------+
; Analysis & Synthesis Settings                                                                              ;
+------------------------------------------------------------------+--------------------+--------------------+
; Option                                                           ; Setting            ; Default Value      ;
+------------------------------------------------------------------+--------------------+--------------------+
; Device                                                           ; EP4CE30F23C7       ;                    ;
; Top-level entity name                                            ; main               ; pbl02              ;
; Family name                                                      ; Cyclone IV E       ; Cyclone V          ;
; Use smart compilation                                            ; Off                ; Off                ;
; Enable parallel Assembler and Timing Analyzer during compilation ; On                 ; On                 ;
; Enable compact report table                                      ; Off                ; Off                ;
; Restructure Multiplexers                                         ; Auto               ; Auto               ;
; Create Debugging Nodes for IP Cores                              ; Off                ; Off                ;
; Preserve fewer node names                                        ; On                 ; On                 ;
; Intel FPGA IP Evaluation Mode                                    ; Enable             ; Enable             ;
; Verilog Version                                                  ; Verilog_2001       ; Verilog_2001       ;
; VHDL Version                                                     ; VHDL_1993          ; VHDL_1993          ;
; State Machine Processing                                         ; Auto               ; Auto               ;
; Safe State Machine                                               ; Off                ; Off                ;
; Extract Verilog State Machines                                   ; On                 ; On                 ;
; Extract VHDL State Machines                                      ; On                 ; On                 ;
; Ignore Verilog initial constructs                                ; Off                ; Off                ;
; Iteration limit for constant Verilog loops                       ; 5000               ; 5000               ;
; Iteration limit for non-constant Verilog loops                   ; 250                ; 250                ;
; Add Pass-Through Logic to Inferred RAMs                          ; On                 ; On                 ;
; Infer RAMs from Raw Logic                                        ; On                 ; On                 ;
; Parallel Synthesis                                               ; On                 ; On                 ;
; DSP Block Balancing                                              ; Auto               ; Auto               ;
; NOT Gate Push-Back                                               ; On                 ; On                 ;
; Power-Up Don't Care                                              ; On                 ; On                 ;
; Remove Redundant Logic Cells                                     ; Off                ; Off                ;
; Remove Duplicate Registers                                       ; On                 ; On                 ;
; Ignore CARRY Buffers                                             ; Off                ; Off                ;
; Ignore CASCADE Buffers                                           ; Off                ; Off                ;
; Ignore GLOBAL Buffers                                            ; Off                ; Off                ;
; Ignore ROW GLOBAL Buffers                                        ; Off                ; Off                ;
; Ignore LCELL Buffers                                             ; Off                ; Off                ;
; Ignore SOFT Buffers                                              ; On                 ; On                 ;
; Limit AHDL Integers to 32 Bits                                   ; Off                ; Off                ;
; Optimization Technique                                           ; Balanced           ; Balanced           ;
; Carry Chain Length                                               ; 70                 ; 70                 ;
; Auto Carry Chains                                                ; On                 ; On                 ;
; Auto Open-Drain Pins                                             ; On                 ; On                 ;
; Perform WYSIWYG Primitive Resynthesis                            ; Off                ; Off                ;
; Auto ROM Replacement                                             ; On                 ; On                 ;
; Auto RAM Replacement                                             ; On                 ; On                 ;
; Auto DSP Block Replacement                                       ; On                 ; On                 ;
; Auto Shift Register Replacement                                  ; Auto               ; Auto               ;
; Allow Shift Register Merging across Hierarchies                  ; Auto               ; Auto               ;
; Auto Clock Enable Replacement                                    ; On                 ; On                 ;
; Strict RAM Replacement                                           ; Off                ; Off                ;
; Allow Synchronous Control Signals                                ; On                 ; On                 ;
; Force Use of Synchronous Clear Signals                           ; Off                ; Off                ;
; Auto RAM Block Balancing                                         ; On                 ; On                 ;
; Auto RAM to Logic Cell Conversion                                ; Off                ; Off                ;
; Auto Resource Sharing                                            ; Off                ; Off                ;
; Allow Any RAM Size For Recognition                               ; Off                ; Off                ;
; Allow Any ROM Size For Recognition                               ; Off                ; Off                ;
; Allow Any Shift Register Size For Recognition                    ; Off                ; Off                ;
; Use LogicLock Constraints during Resource Balancing              ; On                 ; On                 ;
; Ignore translate_off and synthesis_off directives                ; Off                ; Off                ;
; Timing-Driven Synthesis                                          ; On                 ; On                 ;
; Report Parameter Settings                                        ; On                 ; On                 ;
; Report Source Assignments                                        ; On                 ; On                 ;
; Report Connectivity Checks                                       ; On                 ; On                 ;
; Ignore Maximum Fan-Out Assignments                               ; Off                ; Off                ;
; Synchronization Register Chain Length                            ; 2                  ; 2                  ;
; Power Optimization During Synthesis                              ; Normal compilation ; Normal compilation ;
; HDL message level                                                ; Level2             ; Level2             ;
; Suppress Register Optimization Related Messages                  ; Off                ; Off                ;
; Number of Removed Registers Reported in Synthesis Report         ; 5000               ; 5000               ;
; Number of Swept Nodes Reported in Synthesis Report               ; 5000               ; 5000               ;
; Number of Inverted Registers Reported in Synthesis Report        ; 100                ; 100                ;
; Clock MUX Protection                                             ; On                 ; On                 ;
; Auto Gated Clock Conversion                                      ; Off                ; Off                ;
; Block Design Naming                                              ; Auto               ; Auto               ;
; SDC constraint protection                                        ; Off                ; Off                ;
; Synthesis Effort                                                 ; Auto               ; Auto               ;
; Shift Register Replacement - Allow Asynchronous Clear Signal     ; On                 ; On                 ;
; Pre-Mapping Resynthesis Optimization                             ; Off                ; Off                ;
; Analysis & Synthesis Message Level                               ; Medium             ; Medium             ;
; Disable Register Merging Across Hierarchies                      ; Auto               ; Auto               ;
; Resource Aware Inference For Block RAM                           ; On                 ; On                 ;
+------------------------------------------------------------------+--------------------+--------------------+


+------------------------------------------+
; Parallel Compilation                     ;
+----------------------------+-------------+
; Processors                 ; Number      ;
+----------------------------+-------------+
; Number detected on machine ; 8           ;
; Maximum allowed            ; 4           ;
;                            ;             ;
; Average used               ; 1.00        ;
; Maximum used               ; 4           ;
;                            ;             ;
; Usage by Processor         ; % Time Used ;
;     Processor 1            ; 100.0%      ;
;     Processors 2-4         ;   0.0%      ;
+----------------------------+-------------+


+----------------------------------------------------------------------------------------------------------------------------------+
; Analysis & Synthesis Source Files Read                                                                                           ;
+----------------------------------+-----------------+------------------------+------------------------------------------+---------+
; File Name with User-Entered Path ; Used in Netlist ; File Type              ; File Name with Absolute Path             ; Library ;
+----------------------------------+-----------------+------------------------+------------------------------------------+---------+
; uart_tx.v                        ; yes             ; User Verilog HDL File  ; C:/Users/DELL/Downloads/pv2/uart_tx.v    ;         ;
; interface2.v                     ; yes             ; User Verilog HDL File  ; C:/Users/DELL/Downloads/pv2/interface2.v ;         ;
; uart_rx.v                        ; yes             ; User Verilog HDL File  ; C:/Users/DELL/Downloads/pv2/uart_rx.v    ;         ;
; pack_send.v                      ; yes             ; User Verilog HDL File  ; C:/Users/DELL/Downloads/pv2/pack_send.v  ;         ;
; selector.v                       ; yes             ; User Verilog HDL File  ; C:/Users/DELL/Downloads/pv2/selector.v   ;         ;
; tris.v                           ; yes             ; User Verilog HDL File  ; C:/Users/DELL/Downloads/pv2/tris.v       ;         ;
; main.v                           ; yes             ; User Verilog HDL File  ; C:/Users/DELL/Downloads/pv2/main.v       ;         ;
; dht11.v                          ; yes             ; User Verilog HDL File  ; C:/Users/DELL/Downloads/pv2/dht11.v      ;         ;
+----------------------------------+-----------------+------------------------+------------------------------------------+---------+


+-------------------------------------------------------------+
; Analysis & Synthesis Resource Usage Summary                 ;
+---------------------------------------------+---------------+
; Resource                                    ; Usage         ;
+---------------------------------------------+---------------+
; Estimated Total logic elements              ; 298           ;
;                                             ;               ;
; Total combinational functions               ; 279           ;
; Logic element usage by number of LUT inputs ;               ;
;     -- 4 input functions                    ; 133           ;
;     -- 3 input functions                    ; 48            ;
;     -- <=2 input functions                  ; 98            ;
;                                             ;               ;
; Logic elements by mode                      ;               ;
;     -- normal mode                          ; 227           ;
;     -- arithmetic mode                      ; 52            ;
;                                             ;               ;
; Total registers                             ; 134           ;
;     -- Dedicated logic registers            ; 134           ;
;     -- I/O registers                        ; 0             ;
;                                             ;               ;
; I/O pins                                    ; 6             ;
;                                             ;               ;
; Embedded Multiplier 9-bit elements          ; 0             ;
;                                             ;               ;
; Maximum fan-out node                        ; i_Clock~input ;
; Maximum fan-out                             ; 134           ;
; Total fan-out                               ; 1267          ;
; Average fan-out                             ; 2.97          ;
+---------------------------------------------+---------------+


+-----------------------------------------------------------------------------------------------------------------------------------------------------------------------------------------------------------------------------------------------+
; Analysis & Synthesis Resource Utilization by Entity                                                                                                                                                                                           ;
+----------------------------+---------------------+---------------------------+-------------+--------------+---------+-----------+------+--------------+----------------------------------------------------------+-------------+--------------+
; Compilation Hierarchy Node ; Combinational ALUTs ; Dedicated Logic Registers ; Memory Bits ; DSP Elements ; DSP 9x9 ; DSP 18x18 ; Pins ; Virtual Pins ; Full Hierarchy Name                                      ; Entity Name ; Library Name ;
+----------------------------+---------------------+---------------------------+-------------+--------------+---------+-----------+------+--------------+----------------------------------------------------------+-------------+--------------+
; |main                      ; 279 (0)             ; 134 (0)                   ; 0           ; 0            ; 0       ; 0         ; 6    ; 0            ; |main                                                    ; main        ; work         ;
;    |interface2:i_dht11|    ; 177 (9)             ; 58 (6)                    ; 0           ; 0            ; 0       ; 0         ; 0    ; 0            ; |main|interface2:i_dht11                                 ; interface2  ; work         ;
;       |dht11:ints_dht11|   ; 168 (167)           ; 52 (52)                   ; 0           ; 0            ; 0       ; 0         ; 0    ; 0            ; |main|interface2:i_dht11|dht11:ints_dht11                ; dht11       ; work         ;
;          |tris:TRIS_DATA|  ; 1 (1)               ; 0 (0)                     ; 0           ; 0            ; 0       ; 0         ; 0    ; 0            ; |main|interface2:i_dht11|dht11:ints_dht11|tris:TRIS_DATA ; tris        ; work         ;
;    |pack_send:inst_ps|     ; 38 (2)              ; 27 (3)                    ; 0           ; 0            ; 0       ; 0         ; 0    ; 0            ; |main|pack_send:inst_ps                                  ; pack_send   ; work         ;
;       |uart_tx:insttx|     ; 36 (36)             ; 24 (24)                   ; 0           ; 0            ; 0       ; 0         ; 0    ; 0            ; |main|pack_send:inst_ps|uart_tx:insttx                   ; uart_tx     ; work         ;
;    |selector:inst_selec|   ; 7 (7)               ; 18 (18)                   ; 0           ; 0            ; 0       ; 0         ; 0    ; 0            ; |main|selector:inst_selec                                ; selector    ; work         ;
;    |uart_rx:instrx|        ; 57 (57)             ; 31 (31)                   ; 0           ; 0            ; 0       ; 0         ; 0    ; 0            ; |main|uart_rx:instrx                                     ; uart_rx     ; work         ;
+----------------------------+---------------------+---------------------------+-------------+--------------+---------+-----------+------+--------------+----------------------------------------------------------+-------------+--------------+
Note: For table entries with two numbers listed, the numbers in parentheses indicate the number of resources of the given type used by the specific entity alone. The numbers listed outside of parentheses indicate the total resources of the given type used by the specific entity and all of its sub-entities in the hierarchy.


Encoding Type:  One-Hot
+--------------------------------------------------+
; State Machine - |main|pack_send:inst_ps|s_ps     ;
+-------------+-------------+---------+------------+
; Name        ; s_ps.s_idle ; s_ps.01 ; s_ps.s_two ;
+-------------+-------------+---------+------------+
; s_ps.01     ; 0           ; 0       ; 0          ;
; s_ps.s_two  ; 0           ; 1       ; 1          ;
; s_ps.s_idle ; 1           ; 1       ; 0          ;
+-------------+-------------+---------+------------+


Encoding Type:  One-Hot
+------------------------------------------------------------------------------------------------------------------------------------------------+
; State Machine - |main|pack_send:inst_ps|uart_tx:insttx|r_SM_Main                                                                               ;
+--------------------------+-------------------------+--------------------------+--------------------------+---------------+---------------------+
; Name                     ; r_SM_Main.s_TX_STOP_BIT ; r_SM_Main.s_TX_DATA_BITS ; r_SM_Main.s_TX_START_BIT ; r_SM_Main.000 ; r_SM_Main.s_CLEANUP ;
+--------------------------+-------------------------+--------------------------+--------------------------+---------------+---------------------+
; r_SM_Main.000            ; 0                       ; 0                        ; 0                        ; 0             ; 0                   ;
; r_SM_Main.s_TX_START_BIT ; 0                       ; 0                        ; 1                        ; 1             ; 0                   ;
; r_SM_Main.s_TX_DATA_BITS ; 0                       ; 1                        ; 0                        ; 1             ; 0                   ;
; r_SM_Main.s_TX_STOP_BIT  ; 1                       ; 0                        ; 0                        ; 1             ; 0                   ;
; r_SM_Main.s_CLEANUP      ; 0                       ; 0                        ; 0                        ; 1             ; 1                   ;
+--------------------------+-------------------------+--------------------------+--------------------------+---------------+---------------------+


Encoding Type:  One-Hot
+---------------------------------------------------+
; State Machine - |main|interface2:i_dht11|state    ;
+-------------+----------+-------------+------------+
; Name        ; state.00 ; state.reset ; state.read ;
+-------------+----------+-------------+------------+
; state.00    ; 0        ; 0           ; 0          ;
; state.read  ; 1        ; 0           ; 1          ;
; state.reset ; 1        ; 1           ; 0          ;
+-------------+----------+-------------+------------+


Encoding Type:  One-Hot
+------------------------------------------------------------------------------------------------------------------------------------------------------+
; State Machine - |main|interface2:i_dht11|dht11:ints_dht11|STATE                                                                                      ;
+-------------+-------------+----------+----------+----------+----------+----------+----------+----------+----------+----------+----------+------------+
; Name        ; STATE.START ; STATE.S9 ; STATE.S8 ; STATE.S7 ; STATE.S6 ; STATE.S5 ; STATE.S4 ; STATE.S3 ; STATE.S2 ; STATE.S1 ; STATE.S0 ; STATE.STOP ;
+-------------+-------------+----------+----------+----------+----------+----------+----------+----------+----------+----------+----------+------------+
; STATE.STOP  ; 0           ; 0        ; 0        ; 0        ; 0        ; 0        ; 0        ; 0        ; 0        ; 0        ; 0        ; 0          ;
; STATE.S0    ; 0           ; 0        ; 0        ; 0        ; 0        ; 0        ; 0        ; 0        ; 0        ; 0        ; 1        ; 1          ;
; STATE.S1    ; 0           ; 0        ; 0        ; 0        ; 0        ; 0        ; 0        ; 0        ; 0        ; 1        ; 0        ; 1          ;
; STATE.S2    ; 0           ; 0        ; 0        ; 0        ; 0        ; 0        ; 0        ; 0        ; 1        ; 0        ; 0        ; 1          ;
; STATE.S3    ; 0           ; 0        ; 0        ; 0        ; 0        ; 0        ; 0        ; 1        ; 0        ; 0        ; 0        ; 1          ;
; STATE.S4    ; 0           ; 0        ; 0        ; 0        ; 0        ; 0        ; 1        ; 0        ; 0        ; 0        ; 0        ; 1          ;
; STATE.S5    ; 0           ; 0        ; 0        ; 0        ; 0        ; 1        ; 0        ; 0        ; 0        ; 0        ; 0        ; 1          ;
; STATE.S6    ; 0           ; 0        ; 0        ; 0        ; 1        ; 0        ; 0        ; 0        ; 0        ; 0        ; 0        ; 1          ;
; STATE.S7    ; 0           ; 0        ; 0        ; 1        ; 0        ; 0        ; 0        ; 0        ; 0        ; 0        ; 0        ; 1          ;
; STATE.S8    ; 0           ; 0        ; 1        ; 0        ; 0        ; 0        ; 0        ; 0        ; 0        ; 0        ; 0        ; 1          ;
; STATE.S9    ; 0           ; 1        ; 0        ; 0        ; 0        ; 0        ; 0        ; 0        ; 0        ; 0        ; 0        ; 1          ;
; STATE.START ; 1           ; 0        ; 0        ; 0        ; 0        ; 0        ; 0        ; 0        ; 0        ; 0        ; 0        ; 1          ;
+-------------+-------------+----------+----------+----------+----------+----------+----------+----------+----------+----------+----------+------------+


Encoding Type:  One-Hot
+-------------------------------------------------+
; State Machine - |main|selector:inst_selec|count ;
+----------+--------------------------------------+
; Name     ; count.01                             ;
+----------+--------------------------------------+
; count.00 ; 0                                    ;
; count.01 ; 1                                    ;
+----------+--------------------------------------+


Encoding Type:  One-Hot
+------------------------------------------------------------------------------------------------------------------------------------------------+
; State Machine - |main|uart_rx:instrx|r_SM_Main                                                                                                 ;
+--------------------------+-------------------------+--------------------------+--------------------------+---------------+---------------------+
; Name                     ; r_SM_Main.s_RX_STOP_BIT ; r_SM_Main.s_RX_DATA_BITS ; r_SM_Main.s_RX_START_BIT ; r_SM_Main.000 ; r_SM_Main.s_CLEANUP ;
+--------------------------+-------------------------+--------------------------+--------------------------+---------------+---------------------+
; r_SM_Main.000            ; 0                       ; 0                        ; 0                        ; 0             ; 0                   ;
; r_SM_Main.s_RX_START_BIT ; 0                       ; 0                        ; 1                        ; 1             ; 0                   ;
; r_SM_Main.s_RX_DATA_BITS ; 0                       ; 1                        ; 0                        ; 1             ; 0                   ;
; r_SM_Main.s_RX_STOP_BIT  ; 1                       ; 0                        ; 0                        ; 1             ; 0                   ;
; r_SM_Main.s_CLEANUP      ; 0                       ; 0                        ; 0                        ; 1             ; 1                   ;
+--------------------------+-------------------------+--------------------------+--------------------------+---------------+---------------------+


+--------------------------------------------------------------------------------------------------------------+
; Registers Removed During Synthesis                                                                           ;
+--------------------------------------------------+-----------------------------------------------------------+
; Register name                                    ; Reason for Removal                                        ;
+--------------------------------------------------+-----------------------------------------------------------+
; interface2:i_dht11|r_done                        ; Merged with interface2:i_dht11|r_Rst                      ;
; pack_send:inst_ps|uart_tx:insttx|r_Tx_Data[2..7] ; Merged with pack_send:inst_ps|uart_tx:insttx|r_Tx_Data[1] ;
; pack_send:inst_ps|r_Tx_Byte[2..7]                ; Merged with pack_send:inst_ps|r_Tx_Byte[1]                ;
; pack_send:inst_ps|r_Tx_Byte[1]                   ; Stuck at GND due to stuck port data_in                    ;
; pack_send:inst_ps|uart_tx:insttx|r_Tx_Data[1]    ; Stuck at GND due to stuck port data_in                    ;
; interface2:i_dht11|en_dht11                      ; Stuck at VCC due to stuck port data_in                    ;
; pack_send:inst_ps|uart_tx:insttx|r_SM_Main~2     ; Lost fanout                                               ;
; pack_send:inst_ps|uart_tx:insttx|r_SM_Main~3     ; Lost fanout                                               ;
; interface2:i_dht11|dht11:ints_dht11|STATE~14     ; Lost fanout                                               ;
; interface2:i_dht11|dht11:ints_dht11|STATE~15     ; Lost fanout                                               ;
; interface2:i_dht11|dht11:ints_dht11|STATE~16     ; Lost fanout                                               ;
; interface2:i_dht11|dht11:ints_dht11|STATE~17     ; Lost fanout                                               ;
; selector:inst_selec|count~4                      ; Lost fanout                                               ;
; uart_rx:instrx|r_SM_Main~2                       ; Lost fanout                                               ;
; uart_rx:instrx|r_SM_Main~3                       ; Lost fanout                                               ;
; pack_send:inst_ps|s_ps.s_idle                    ; Stuck at GND due to stuck port data_in                    ;
; pack_send:inst_ps|s_ps.01                        ; Merged with pack_send:inst_ps|s_ps.s_two                  ;
; Total Number of Removed Registers = 27           ;                                                           ;
+--------------------------------------------------+-----------------------------------------------------------+


+------------------------------------------------------------------------------------------------------------+
; Removed Registers Triggering Further Register Optimizations                                                ;
+--------------------------------+---------------------------+-----------------------------------------------+
; Register name                  ; Reason for Removal        ; Registers Removed due to This Register        ;
+--------------------------------+---------------------------+-----------------------------------------------+
; pack_send:inst_ps|r_Tx_Byte[1] ; Stuck at GND              ; pack_send:inst_ps|uart_tx:insttx|r_Tx_Data[1] ;
;                                ; due to stuck port data_in ;                                               ;
+--------------------------------+---------------------------+-----------------------------------------------+


+------------------------------------------------------+
; General Register Statistics                          ;
+----------------------------------------------+-------+
; Statistic                                    ; Value ;
+----------------------------------------------+-------+
; Total registers                              ; 134   ;
; Number of registers using Synchronous Clear  ; 43    ;
; Number of registers using Synchronous Load   ; 2     ;
; Number of registers using Asynchronous Clear ; 0     ;
; Number of registers using Asynchronous Load  ; 0     ;
; Number of registers using Clock Enable       ; 76    ;
; Number of registers using Preset             ; 0     ;
+----------------------------------------------+-------+


+--------------------------------------------------+
; Inverted Register Statistics                     ;
+----------------------------------------+---------+
; Inverted Register                      ; Fan out ;
+----------------------------------------+---------+
; uart_rx:instrx|r_Rx_Data               ; 12      ;
; uart_rx:instrx|r_Rx_Data_R             ; 1       ;
; Total number of inverted registers = 2 ;         ;
+----------------------------------------+---------+


+------------------------------------------------------------------------------------------------------------------------------------------------------------------------+
; Multiplexer Restructuring Statistics (Restructuring Performed)                                                                                                         ;
+--------------------+-----------+---------------+----------------------+------------------------+------------+----------------------------------------------------------+
; Multiplexer Inputs ; Bus Width ; Baseline Area ; Area if Restructured ; Saving if Restructured ; Registered ; Example Multiplexer Output                               ;
+--------------------+-----------+---------------+----------------------+------------------------+------------+----------------------------------------------------------+
; 3:1                ; 2 bits    ; 4 LEs         ; 2 LEs                ; 2 LEs                  ; Yes        ; |main|interface2:i_dht11|r_data_float[0]                 ;
; 4:1                ; 12 bits   ; 24 LEs        ; 12 LEs               ; 12 LEs                 ; Yes        ; |main|pack_send:inst_ps|uart_tx:insttx|r_Clock_Count[11] ;
; 6:1                ; 6 bits    ; 24 LEs        ; 6 LEs                ; 18 LEs                 ; Yes        ; |main|interface2:i_dht11|dht11:ints_dht11|index[0]       ;
; 7:1                ; 12 bits   ; 48 LEs        ; 12 LEs               ; 36 LEs                 ; Yes        ; |main|uart_rx:instrx|r_Clock_Count[0]                    ;
; 23:1               ; 26 bits   ; 390 LEs       ; 104 LEs              ; 286 LEs                ; Yes        ; |main|interface2:i_dht11|dht11:ints_dht11|COUNTER[3]     ;
; 3:1                ; 3 bits    ; 6 LEs         ; 6 LEs                ; 0 LEs                  ; No         ; |main|pack_send:inst_ps|uart_tx:insttx|r_Bit_Index       ;
; 3:1                ; 3 bits    ; 6 LEs         ; 6 LEs                ; 0 LEs                  ; No         ; |main|uart_rx:instrx|r_Bit_Index                         ;
; 12:1               ; 2 bits    ; 16 LEs        ; 8 LEs                ; 8 LEs                  ; No         ; |main|interface2:i_dht11|dht11:ints_dht11|STATE          ;
+--------------------+-----------+---------------+----------------------+------------------------+------------+----------------------------------------------------------+


+-------------------------------------------------------------+
; Parameter Settings for User Entity Instance: uart_rx:instrx ;
+----------------+-------+------------------------------------+
; Parameter Name ; Value ; Type                               ;
+----------------+-------+------------------------------------+
; CLKS_PER_BIT   ; 3603  ; Signed Integer                     ;
+----------------+-------+------------------------------------+
Note: In order to hide this table in the UI and the text report file, please set the "Show Parameter Settings in Synthesis Report" option in "Analysis and Synthesis Settings -> More Settings" to "Off".


+----------------------------------------------------------------------------------+
; Parameter Settings for User Entity Instance: interface2:i_dht11|dht11:ints_dht11 ;
+----------------+-------+---------------------------------------------------------+
; Parameter Name ; Value ; Type                                                    ;
+----------------+-------+---------------------------------------------------------+
; S0             ; 1     ; Signed Integer                                          ;
; S1             ; 2     ; Signed Integer                                          ;
; S2             ; 3     ; Signed Integer                                          ;
; S3             ; 4     ; Signed Integer                                          ;
; S4             ; 5     ; Signed Integer                                          ;
; S5             ; 6     ; Signed Integer                                          ;
; S6             ; 7     ; Signed Integer                                          ;
; S7             ; 8     ; Signed Integer                                          ;
; S8             ; 9     ; Signed Integer                                          ;
; S9             ; 10    ; Signed Integer                                          ;
; STOP           ; 0     ; Signed Integer                                          ;
; START          ; 11    ; Signed Integer                                          ;
+----------------+-------+---------------------------------------------------------+
Note: In order to hide this table in the UI and the text report file, please set the "Show Parameter Settings in Synthesis Report" option in "Analysis and Synthesis Settings -> More Settings" to "Off".


+-------------------------------------------------------------------------------+
; Parameter Settings for User Entity Instance: pack_send:inst_ps|uart_tx:insttx ;
+----------------+-------+------------------------------------------------------+
; Parameter Name ; Value ; Type                                                 ;
+----------------+-------+------------------------------------------------------+
; CLKS_PER_BIT   ; 3603  ; Signed Integer                                       ;
+----------------+-------+------------------------------------------------------+
Note: In order to hide this table in the UI and the text report file, please set the "Show Parameter Settings in Synthesis Report" option in "Analysis and Synthesis Settings -> More Settings" to "Off".


+------------------------------------------------------------------------------------------------------------------------------------------------------------------------------------+
; Port Connectivity Checks: "pack_send:inst_ps"                                                                                                                                      ;
+------------+-------+----------+----------------------------------------------------------------------------------------------------------------------------------------------------+
; Port       ; Type  ; Severity ; Details                                                                                                                                            ;
+------------+-------+----------+----------------------------------------------------------------------------------------------------------------------------------------------------+
; i_data_one ; Input ; Warning  ; Input port expression (1 bits) is smaller than the input port (8 bits) it drives.  Extra input bit(s) "i_data_one[7..1]" will be connected to GND. ;
; i_data_two ; Input ; Warning  ; Input port expression (1 bits) is smaller than the input port (8 bits) it drives.  Extra input bit(s) "i_data_two[7..1]" will be connected to GND. ;
+------------+-------+----------+----------------------------------------------------------------------------------------------------------------------------------------------------+


+------------------------------------------------------------------------------------------------------------------------------------------------------------------------------------------------------+
; Port Connectivity Checks: "interface2:i_dht11|dht11:ints_dht11|tris:TRIS_DATA"                                                                                                                       ;
+--------+--------+----------+-------------------------------------------------------------------------------------------------------------------------------------------------------------------------+
; Port   ; Type   ; Severity ; Details                                                                                                                                                                 ;
+--------+--------+----------+-------------------------------------------------------------------------------------------------------------------------------------------------------------------------+
; o_Read ; Output ; Warning  ; Output or bidir port (1 bits) is smaller than the port expression (40 bits) it drives.  The 39 most-significant bit(s) in the port expression will be connected to GND. ;
+--------+--------+----------+-------------------------------------------------------------------------------------------------------------------------------------------------------------------------+


+----------------------------------------------------------------------------------------------------------------------------------------+
; Port Connectivity Checks: "interface2:i_dht11|dht11:ints_dht11"                                                                        ;
+---------+--------+----------+----------------------------------------------------------------------------------------------------------+
; Port    ; Type   ; Severity ; Details                                                                                                  ;
+---------+--------+----------+----------------------------------------------------------------------------------------------------------+
; o_Crc   ; Output ; Info     ; Connected to dangling logic. Logic that only feeds a dangling port will be removed.                      ;
; o_Wait  ; Output ; Info     ; Connected to dangling logic. Logic that only feeds a dangling port will be removed.                      ;
; o_Error ; Output ; Info     ; Connected to dangling logic. Logic that only feeds a dangling port will be removed.                      ;
; colunas ; Output ; Warning  ; Declared by entity but not connected by instance. Logic that only feeds a dangling port will be removed. ;
+---------+--------+----------+----------------------------------------------------------------------------------------------------------+


+--------------------------------------------------------------------------------------------------------------------------------------------------------------------+
; Port Connectivity Checks: "interface2:i_dht11"                                                                                                                     ;
+--------------+--------+----------+---------------------------------------------------------------------------------------------------------------------------------+
; Port         ; Type   ; Severity ; Details                                                                                                                         ;
+--------------+--------+----------+---------------------------------------------------------------------------------------------------------------------------------+
; o_data_int   ; Output ; Warning  ; Output or bidir port (8 bits) is wider than the port expression (1 bits) it drives; bit(s) "o_data_int[7..1]" have no fanouts   ;
; o_data_float ; Output ; Warning  ; Output or bidir port (8 bits) is wider than the port expression (1 bits) it drives; bit(s) "o_data_float[7..1]" have no fanouts ;
+--------------+--------+----------+---------------------------------------------------------------------------------------------------------------------------------+


+------------------------------------------------------------------------------------------------------------------------------+
; Port Connectivity Checks: "selector:inst_selec"                                                                              ;
+--------------------+--------+----------+-------------------------------------------------------------------------------------+
; Port               ; Type   ; Severity ; Details                                                                             ;
+--------------------+--------+----------+-------------------------------------------------------------------------------------+
; o_interface[31..1] ; Output ; Info     ; Connected to dangling logic. Logic that only feeds a dangling port will be removed. ;
+--------------------+--------+----------+-------------------------------------------------------------------------------------+


+-----------------------------------------------------+
; Post-Synthesis Netlist Statistics for Top Partition ;
+-----------------------+-----------------------------+
; Type                  ; Count                       ;
+-----------------------+-----------------------------+
; boundary_port         ; 6                           ;
; cycloneiii_ff         ; 134                         ;
;     ENA               ; 46                          ;
;     ENA SCLR          ; 30                          ;
;     SCLR              ; 13                          ;
;     SLD               ; 2                           ;
;     plain             ; 43                          ;
; cycloneiii_io_obuf    ; 1                           ;
; cycloneiii_lcell_comb ; 279                         ;
;     arith             ; 52                          ;
;         2 data inputs ; 52                          ;
;     normal            ; 227                         ;
;         1 data inputs ; 6                           ;
;         2 data inputs ; 40                          ;
;         3 data inputs ; 48                          ;
;         4 data inputs ; 133                         ;
;                       ;                             ;
; Max LUT depth         ; 8.00                        ;
; Average LUT depth     ; 4.20                        ;
+-----------------------+-----------------------------+


+-------------------------------+
; Elapsed Time Per Partition    ;
+----------------+--------------+
; Partition Name ; Elapsed Time ;
+----------------+--------------+
; Top            ; 00:00:02     ;
+----------------+--------------+


+-------------------------------+
; Analysis & Synthesis Messages ;
+-------------------------------+
Info: *******************************************************************
Info: Running Quartus Prime Analysis & Synthesis
    Info: Version 20.1.1 Build 720 11/11/2020 SJ Lite Edition
    Info: Processing started: Fri May 20 22:56:21 2022
Info: Command: quartus_map --read_settings_files=on --write_settings_files=off pbl02 -c pbl02
Warning (18236): Number of processors has not been specified which may cause overloading on shared machines.  Set the global assignment NUM_PARALLEL_PROCESSORS in your QSF to an appropriate value for best performance.
Info (20030): Parallel compilation is enabled and will use 4 of the 4 processors detected
Info (12021): Found 1 design units, including 1 entities, in source file uart_tx.v
    Info (12023): Found entity 1: uart_tx File: C:/Users/DELL/Downloads/pv2/uart_tx.v Line: 14
Info (12021): Found 1 design units, including 1 entities, in source file interface2.v
    Info (12023): Found entity 1: interface2 File: C:/Users/DELL/Downloads/pv2/interface2.v Line: 1
Info (12021): Found 1 design units, including 1 entities, in source file uart_rx.v
    Info (12023): Found entity 1: uart_rx File: C:/Users/DELL/Downloads/pv2/uart_rx.v Line: 14
Info (12021): Found 1 design units, including 1 entities, in source file pack_send.v
    Info (12023): Found entity 1: pack_send File: C:/Users/DELL/Downloads/pv2/pack_send.v Line: 1
Info (12021): Found 1 design units, including 1 entities, in source file selector.v
    Info (12023): Found entity 1: selector File: C:/Users/DELL/Downloads/pv2/selector.v Line: 1
Info (12021): Found 1 design units, including 1 entities, in source file tris.v
    Info (12023): Found entity 1: tris File: C:/Users/DELL/Downloads/pv2/tris.v Line: 21
Info (12021): Found 1 design units, including 1 entities, in source file main.v
    Info (12023): Found entity 1: main File: C:/Users/DELL/Downloads/pv2/main.v Line: 1
Info (12021): Found 1 design units, including 1 entities, in source file dht11.v
    Info (12023): Found entity 1: dht11 File: C:/Users/DELL/Downloads/pv2/dht11.v Line: 21
Info (12127): Elaborating entity "main" for the top level hierarchy
Info (12128): Elaborating entity "uart_rx" for hierarchy "uart_rx:instrx" File: C:/Users/DELL/Downloads/pv2/main.v Line: 23
Info (12128): Elaborating entity "selector" for hierarchy "selector:inst_selec" File: C:/Users/DELL/Downloads/pv2/main.v Line: 32
Warning (10036): Verilog HDL or VHDL warning at selector.v(18): object "r_done" assigned a value but never read File: C:/Users/DELL/Downloads/pv2/selector.v Line: 18
Info (12128): Elaborating entity "interface2" for hierarchy "interface2:i_dht11" File: C:/Users/DELL/Downloads/pv2/main.v Line: 42
Warning (10272): Verilog HDL Case Statement warning at interface2.v(83): case item expression covers a value already covered by a previous case item File: C:/Users/DELL/Downloads/pv2/interface2.v Line: 83
Info (12128): Elaborating entity "dht11" for hierarchy "interface2:i_dht11|dht11:ints_dht11" File: C:/Users/DELL/Downloads/pv2/interface2.v Line: 51
Info (12128): Elaborating entity "tris" for hierarchy "interface2:i_dht11|dht11:ints_dht11|tris:TRIS_DATA" File: C:/Users/DELL/Downloads/pv2/dht11.v Line: 63
Info (12128): Elaborating entity "pack_send" for hierarchy "pack_send:inst_ps" File: C:/Users/DELL/Downloads/pv2/main.v Line: 52
Info (12128): Elaborating entity "uart_tx" for hierarchy "pack_send:inst_ps|uart_tx:insttx" File: C:/Users/DELL/Downloads/pv2/pack_send.v Line: 55
Warning (12241): 4 hierarchies have connectivity warnings - see the Connectivity Checks report folder
Warning (13046): Tri-state node(s) do not directly drive top-level pin(s)
    Warning (13047): Converted the fan-out from the tri-state buffer "interface2:i_dht11|dht11:ints_dht11|tris:TRIS_DATA|o_Read" to the node "interface2:i_dht11|dht11:ints_dht11|always0" into an OR gate File: C:/Users/DELL/Downloads/pv2/tris.v Line: 26
Info (286030): Timing-Driven Synthesis is running
Info (17049): 9 registers lost all their fanouts during netlist optimizations.
Info (144001): Generated suppressed messages file C:/Users/DELL/Downloads/pv2/output_files/pbl02.map.smsg
Info (16010): Generating hard_block partition "hard_block:auto_generated_inst"
    Info (16011): Adding 0 node(s), including 0 DDIO, 0 PLL, 0 transceiver and 0 LCELL
Info (21057): Implemented 306 device resources after synthesis - the final resource count might be different
    Info (21058): Implemented 2 input pins
    Info (21059): Implemented 3 output pins
    Info (21060): Implemented 1 bidirectional pins
    Info (21061): Implemented 300 logic cells
Info: Quartus Prime Analysis & Synthesis was successful. 0 errors, 6 warnings
    Info: Peak virtual memory: 4755 megabytes
    Info: Processing ended: Fri May 20 22:56:39 2022
    Info: Elapsed time: 00:00:18
    Info: Total CPU time (on all processors): 00:00:24


+------------------------------------------+
; Analysis & Synthesis Suppressed Messages ;
+------------------------------------------+
The suppressed messages can be found in C:/Users/DELL/Downloads/pv2/output_files/pbl02.map.smsg.


